Using pre-set license
Desktop is 1920 x 1080 @ 60 Hz

 COMMAND LINE ARGUMENTS:
Unity
-adb2
-batchMode
-noUpm
-name
AssetImportWorker0
-projectPath
/home/sebastian/Documents/GitHub/PPP/PPP
-logFile
Logs/AssetImportWorker0.log
-srvPort
41899
Successfully changed project path to: /home/sebastian/Documents/GitHub/PPP/PPP
/home/sebastian/Documents/GitHub/PPP/PPP
Using Asset Import Pipeline V2.
Refreshing native plugins compatible for Editor in 45.43 ms, found 1 plugins.
Preloading 0 native plugins for Editor in 0.00 ms.
Initialize engine version: 2020.3.5f1 (8095aa901b9b)
[Subsystems] Discovering subsystems at path /home/sebastian/Unity/2020.3.5f1/Editor/Data/Resources/UnitySubsystems
[Subsystems] Discovering subsystems at path /home/sebastian/Documents/GitHub/PPP/PPP/Assets
GLX Extensions: GLX_ARB_create_context GLX_ARB_create_context_no_error GLX_ARB_create_context_profile GLX_ARB_create_context_robustness GLX_ARB_fbconfig_float GLX_ARB_framebuffer_sRGB GLX_ARB_get_proc_address GLX_ARB_multisample GLX_EXT_buffer_age GLX_EXT_create_context_es2_profile GLX_EXT_create_context_es_profile GLX_EXT_fbconfig_packed_float GLX_EXT_framebuffer_sRGB GLX_EXT_import_context GLX_EXT_texture_from_pixmap GLX_EXT_visual_info GLX_EXT_visual_rating GLX_INTEL_swap_event GLX_MESA_copy_sub_buffer GLX_MESA_query_renderer GLX_MESA_swap_control GLX_OML_swap_method GLX_OML_sync_control GLX_SGIS_multisample GLX_SGIX_fbconfig GLX_SGIX_pbuffer GLX_SGIX_visual_select_group GLX_SGI_make_current_read GLX_SGI_swap_control GLX_SGI_video_sync 
Renderer: Mesa DRI Intel(R) UHD Graphics 620 (WHL GT2)
Vendor:   Intel Open Source Technology Center
Version:  4.6 (Core Profile) Mesa 20.0.8
GLES:     0
 GL_3DFX_texture_compression_FXT1 GL_AMD_conservative_depth GL_AMD_depth_clamp_separate GL_AMD_draw_buffers_blend GL_AMD_gpu_shader_int64 GL_AMD_multi_draw_indirect GL_AMD_query_buffer_object GL_AMD_seamless_cubemap_per_texture GL_AMD_shader_stencil_export GL_AMD_shader_trinary_minmax GL_AMD_texture_texture4 GL_AMD_vertex_shader_layer GL_AMD_vertex_shader_viewport_index GL_ANGLE_texture_compression_dxt3 GL_ANGLE_texture_compression_dxt5 GL_APPLE_object_purgeable GL_ARB_ES2_compatibility GL_ARB_ES3_1_compatibility GL_ARB_ES3_2_compatibility GL_ARB_ES3_compatibility GL_ARB_arrays_of_arrays GL_ARB_base_instance GL_ARB_blend_func_extended GL_ARB_buffer_storage GL_ARB_clear_buffer_object GL_ARB_clear_texture GL_ARB_clip_control GL_ARB_compressed_texture_pixel_storage GL_ARB_compute_shader GL_ARB_conditional_render_inverted GL_ARB_conservative_depth GL_ARB_copy_buffer GL_ARB_copy_image GL_ARB_cull_distance GL_ARB_debug_output GL_ARB_depth_buffer_float GL_ARB_depth_clamp GL_ARB_derivative_control GL_ARB_direct_stat
e_access GL_ARB_draw_buffers GL_ARB_draw_buffers_blend GL_ARB_draw_elements_base_vertex GL_ARB_draw_indirect GL_ARB_draw_instanced GL_ARB_enhanced_layouts GL_ARB_explicit_attrib_location GL_ARB_explicit_uniform_location GL_ARB_fragment_coord_conventions GL_ARB_fragment_layer_viewport GL_ARB_fragment_shader GL_ARB_fragment_shader_interlock GL_ARB_framebuffer_no_attachments GL_ARB_framebuffer_object GL_ARB_framebuffer_sRGB GL_ARB_get_program_binary GL_ARB_get_texture_sub_image GL_ARB_gl_spirv GL_ARB_gpu_shader5 GL_ARB_gpu_shader_fp64 GL_ARB_gpu_shader_int64 GL_ARB_half_float_pixel GL_ARB_half_float_vertex GL_ARB_indirect_parameters GL_ARB_instanced_arrays GL_ARB_internalformat_query GL_ARB_internalformat_query2 GL_ARB_invalidate_subdata GL_ARB_map_buffer_alignment GL_ARB_map_buffer_range GL_ARB_multi_bind GL_ARB_multi_draw_indirect GL_ARB_occlusion_query2 GL_ARB_parallel_shader_compile GL_ARB_pipeline_statistics_query GL_ARB_pixel_buffer_object GL_ARB_point_sprite GL_ARB_polygon_offset_clamp GL_ARB_post_depth_
coverage GL_ARB_program_interface_query GL_ARB_provoking_vertex GL_ARB_query_buffer_object GL_ARB_robust_buffer_access_behavior GL_ARB_robustness GL_ARB_sample_shading GL_ARB_sampler_objects GL_ARB_seamless_cube_map GL_ARB_seamless_cubemap_per_texture GL_ARB_separate_shader_objects GL_ARB_shader_atomic_counter_ops GL_ARB_shader_atomic_counters GL_ARB_shader_ballot GL_ARB_shader_bit_encoding GL_ARB_shader_clock GL_ARB_shader_draw_parameters GL_ARB_shader_group_vote GL_ARB_shader_image_load_store GL_ARB_shader_image_size GL_ARB_shader_objects GL_ARB_shader_precision GL_ARB_shader_stencil_export GL_ARB_shader_storage_buffer_object GL_ARB_shader_subroutine GL_ARB_shader_texture_image_samples GL_ARB_shader_texture_lod GL_ARB_shader_viewport_layer_array GL_ARB_shading_language_420pack GL_ARB_shading_language_include GL_ARB_shading_language_packing GL_ARB_spirv_extensions GL_ARB_stencil_texturing GL_ARB_sync GL_ARB_tessellation_shader GL_ARB_texture_barrier GL_ARB_texture_buffer_object GL_ARB_texture_buffer_object_
rgb32 GL_ARB_texture_buffer_range GL_ARB_texture_compression_bptc GL_ARB_texture_compression_rgtc GL_ARB_texture_cube_map_array GL_ARB_texture_filter_anisotropic GL_ARB_texture_float GL_ARB_texture_gather GL_ARB_texture_mirror_clamp_to_edge GL_ARB_texture_multisample GL_ARB_texture_non_power_of_two GL_ARB_texture_query_levels GL_ARB_texture_query_lod GL_ARB_texture_rectangle GL_ARB_texture_rg GL_ARB_texture_rgb10_a2ui GL_ARB_texture_stencil8 GL_ARB_texture_storage GL_ARB_texture_storage_multisample GL_ARB_texture_swizzle GL_ARB_texture_view GL_ARB_timer_query GL_ARB_transform_feedback2 GL_ARB_transform_feedback3 GL_ARB_transform_feedback_instanced GL_ARB_transform_feedback_overflow_query GL_ARB_uniform_buffer_object GL_ARB_vertex_array_bgra GL_ARB_vertex_array_object GL_ARB_vertex_attrib_64bit GL_ARB_vertex_attrib_binding GL_ARB_vertex_buffer_object GL_ARB_vertex_shader GL_ARB_vertex_type_10f_11f_11f_rev GL_ARB_vertex_type_2_10_10_10_rev GL_ARB_viewport_array GL_ATI_blend_equation_separate GL_ATI_texture_flo
at GL_EXT_EGL_image_storage GL_EXT_EGL_sync GL_EXT_abgr GL_EXT_blend_equation_separate GL_EXT_demote_to_helper_invocation GL_EXT_draw_buffers2 GL_EXT_draw_instanced GL_EXT_framebuffer_blit GL_EXT_framebuffer_multisample GL_EXT_framebuffer_multisample_blit_scaled GL_EXT_framebuffer_object GL_EXT_framebuffer_sRGB GL_EXT_packed_depth_stencil GL_EXT_packed_float GL_EXT_pixel_buffer_object GL_EXT_polygon_offset_clamp GL_EXT_provoking_vertex GL_EXT_shader_framebuffer_fetch GL_EXT_shader_framebuffer_fetch_non_coherent GL_EXT_shader_integer_mix GL_EXT_shader_samples_identical GL_EXT_texture_array GL_EXT_texture_compression_dxt1 GL_EXT_texture_compression_rgtc GL_EXT_texture_compression_s3tc GL_EXT_texture_filter_anisotropic GL_EXT_texture_integer GL_EXT_texture_sRGB GL_EXT_texture_sRGB_R8 GL_EXT_texture_sRGB_decode GL_EXT_texture_shadow_lod GL_EXT_texture_shared_exponent GL_EXT_texture_snorm GL_EXT_texture_swizzle GL_EXT_timer_query GL_EXT_transform_feedback GL_EXT_vertex_array_bgra GL_EXT_vertex_attrib_64bit GL_IBM
_multimode_draw_arrays GL_INTEL_conservative_rasterization GL_INTEL_performance_query GL_INTEL_shader_atomic_float_minmax GL_INTEL_shader_integer_functions2 GL_KHR_blend_equation_advanced GL_KHR_blend_equation_advanced_coherent GL_KHR_context_flush_control GL_KHR_debug GL_KHR_no_error GL_KHR_parallel_shader_compile GL_KHR_robust_buffer_access_behavior GL_KHR_robustness GL_KHR_texture_compression_astc_ldr GL_KHR_texture_compression_astc_sliced_3d GL_MESA_framebuffer_flip_y GL_MESA_pack_invert GL_MESA_shader_integer_functions GL_MESA_texture_signed_rgba GL_NV_compute_shader_derivatives GL_NV_conditional_render GL_NV_depth_clamp GL_NV_fragment_shader_interlock GL_NV_packed_depth_stencil GL_NV_texture_barrier GL_OES_EGL_image GL_S3_s3tc
OPENGL LOG: Creating OpenGL 4.6 graphics device ; Context level  <OpenGL 4.5> ; Context handle -1217537536
Initialize mono
Mono path[0] = '/home/sebastian/Unity/2020.3.5f1/Editor/Data/Managed'
Mono path[1] = '/home/sebastian/Unity/2020.3.5f1/Editor/Data/MonoBleedingEdge/lib/mono/unityjit'
Mono config path = '/home/sebastian/Unity/2020.3.5f1/Editor/Data/MonoBleedingEdge/etc'
Using monoOptions --debugger-agent=transport=dt_socket,embedding=1,server=y,suspend=n,address=127.0.0.1:56761
Begin MonoManager ReloadAssembly
Registering precompiled unity dll's ...
Register platform support module: /home/sebastian/Unity/2020.3.5f1/Editor/Data/PlaybackEngines/WebGLSupport/UnityEditor.WebGL.Extensions.dll
Register platform support module: /home/sebastian/Unity/2020.3.5f1/Editor/Data/PlaybackEngines/MacStandaloneSupport/UnityEditor.OSXStandalone.Extensions.dll
Register platform support module: /home/sebastian/Unity/2020.3.5f1/Editor/Data/PlaybackEngines/WindowsStandaloneSupport/UnityEditor.WindowsStandalone.Extensions.dll
Register platform support module: /home/sebastian/Unity/2020.3.5f1/Editor/Data/PlaybackEngines/LinuxStandaloneSupport/UnityEditor.LinuxStandalone.Extensions.dll
Registered in 0.001424 seconds.
Native extension for LinuxStandalone target not found
Native extension for WindowsStandalone target not found
Native extension for OSXStandalone target not found
Native extension for WebGL target not found
Refreshing native plugins compatible for Editor in 37.74 ms, found 1 plugins.
Preloading 0 native plugins for Editor in 0.00 ms.
Mono: successfully reloaded assembly
- Completed reload, in  1.544 seconds
Platform modules already initialized, skipping
Registering precompiled user dll's ...
Registered in 0.000676 seconds.
Begin MonoManager ReloadAssembly
Native extension for LinuxStandalone target not found
Native extension for WindowsStandalone target not found
Native extension for OSXStandalone target not found
Native extension for WebGL target not found
Refreshing native plugins compatible for Editor in 37.93 ms, found 1 plugins.
Preloading 0 native plugins for Editor in 0.00 ms.
Mono: successfully reloaded assembly
- Completed reload, in  0.982 seconds
Platform modules already initialized, skipping
========================================================================
Worker process is ready to serve import requests
Launched and connected shader compiler UnityShaderCompiler after 0.01 seconds
Refreshing native plugins compatible for Editor in 0.47 ms, found 1 plugins.
Preloading 0 native plugins for Editor in 0.00 ms.
Unloading 1965 Unused Serialized files (Serialized files now loaded: 0)
System memory in use before: 84.6 MB.
System memory in use after: 84.6 MB.

Unloading 25 unused Assets to reduce memory usage. Loaded Objects now: 2408.
Total: 3.252298 ms (FindLiveObjects: 0.284335 ms CreateObjectMapping: 0.091726 ms MarkObjects: 2.640494 ms  DeleteObjects: 0.234397 ms)

========================================================================
Received Import Request.
  path: Assets/Sprites/Mara Body Parts.png
  artifactKey: Guid(f85fa0315a93ad5cebe0b085a9da3174) Importer(815301076,1909f56bfc062723c751e8b465ee728b)
Start importing Assets/Sprites/Mara Body Parts.png using Guid(f85fa0315a93ad5cebe0b085a9da3174) Importer(815301076,1909f56bfc062723c751e8b465ee728b)  -> (artifact id: 'f63568068a6ea734832f3c9ec83b5a99') in 0.094405 seconds
  Import took 0.098658 seconds .

========================================================================
Received Import Request.
  Time since last request: 0.009253 seconds.
  path: Assets/Sprites/Mara Body Parts.png
  artifactKey: Guid(f85fa0315a93ad5cebe0b085a9da3174) Importer(815301076,1909f56bfc062723c751e8b465ee728b)
Start importing Assets/Sprites/Mara Body Parts.png using Guid(f85fa0315a93ad5cebe0b085a9da3174) Importer(815301076,1909f56bfc062723c751e8b465ee728b)  -> (artifact id: 'f63568068a6ea734832f3c9ec83b5a99') in 0.006868 seconds
  Import took 0.010138 seconds .

========================================================================
Received Import Request.
  Time since last request: 45.710220 seconds.
  path: Assets/Sprites/Mara Body Parts.png
  artifactKey: Guid(f85fa0315a93ad5cebe0b085a9da3174) Importer(815301076,1909f56bfc062723c751e8b465ee728b)
Start importing Assets/Sprites/Mara Body Parts.png using Guid(f85fa0315a93ad5cebe0b085a9da3174) Importer(815301076,1909f56bfc062723c751e8b465ee728b)  -> (artifact id: 'df968264410b3be27733456b5fd5b0d3') in 0.004926 seconds
  Import took 0.008164 seconds .

========================================================================
Received Import Request.
  Time since last request: 0.014150 seconds.
  path: Assets/Sprites/Mara Body Parts.png
  artifactKey: Guid(f85fa0315a93ad5cebe0b085a9da3174) Importer(815301076,1909f56bfc062723c751e8b465ee728b)
Start importing Assets/Sprites/Mara Body Parts.png using Guid(f85fa0315a93ad5cebe0b085a9da3174) Importer(815301076,1909f56bfc062723c751e8b465ee728b)  -> (artifact id: 'df968264410b3be27733456b5fd5b0d3') in 0.004344 seconds
  Import took 0.007779 seconds .

========================================================================
Received Import Request.
  Time since last request: 9.454996 seconds.
  path: Assets/Sprites/Mara Body Parts.png
  artifactKey: Guid(f85fa0315a93ad5cebe0b085a9da3174) Importer(815301076,1909f56bfc062723c751e8b465ee728b)
Start importing Assets/Sprites/Mara Body Parts.png using Guid(f85fa0315a93ad5cebe0b085a9da3174) Importer(815301076,1909f56bfc062723c751e8b465ee728b)  -> (artifact id: 'fbbf589fc7d01934cf9ab6531821a11d') in 0.048233 seconds
  Import took 0.052460 seconds .

========================================================================
Received Import Request.
  Time since last request: 0.003388 seconds.
  path: Assets/Sprites/Mara Body Parts.png
  artifactKey: Guid(f85fa0315a93ad5cebe0b085a9da3174) Importer(815301076,1909f56bfc062723c751e8b465ee728b)
Start importing Assets/Sprites/Mara Body Parts.png using Guid(f85fa0315a93ad5cebe0b085a9da3174) Importer(815301076,1909f56bfc062723c751e8b465ee728b)  -> (artifact id: 'fbbf589fc7d01934cf9ab6531821a11d') in 0.046611 seconds
  Import took 0.050285 seconds .

========================================================================
Received Import Request.
  Time since last request: 54.223309 seconds.
  path: Assets/PreFabs/Mara.prefab
  artifactKey: Guid(e69ef96f82519bedbbc888f49588f92d) Importer(815301076,1909f56bfc062723c751e8b465ee728b)
Start importing Assets/PreFabs/Mara.prefab using Guid(e69ef96f82519bedbbc888f49588f92d) Importer(815301076,1909f56bfc062723c751e8b465ee728b)  -> (artifact id: '3810aa0c7dfd37ab59b39a858ecadda5') in 0.052665 seconds
  Import took 0.057118 seconds .

========================================================================
Received Import Request.
  Time since last request: 98.591013 seconds.
  path: Assets/PreFabs/Mara.prefab
  artifactKey: Guid(e69ef96f82519bedbbc888f49588f92d) Importer(815301076,1909f56bfc062723c751e8b465ee728b)
Start importing Assets/PreFabs/Mara.prefab using Guid(e69ef96f82519bedbbc888f49588f92d) Importer(815301076,1909f56bfc062723c751e8b465ee728b)  -> (artifact id: '2fccae4c5fafaee1ccb3bde52864cb8c') in 0.019049 seconds
  Import took 0.023446 seconds .

========================================================================
Received Import Request.
  Time since last request: 8.622822 seconds.
  path: Assets/PreFabs/Mara.prefab
  artifactKey: Guid(e69ef96f82519bedbbc888f49588f92d) Importer(815301076,1909f56bfc062723c751e8b465ee728b)
Start importing Assets/PreFabs/Mara.prefab using Guid(e69ef96f82519bedbbc888f49588f92d) Importer(815301076,1909f56bfc062723c751e8b465ee728b)  -> (artifact id: 'be03be33c6d86138a8c87c534a353bec') in 0.019130 seconds
  Import took 0.023914 seconds .

========================================================================
Received Import Request.
  Time since last request: 8.171135 seconds.
  path: Assets/PreFabs/Mara.prefab
  artifactKey: Guid(e69ef96f82519bedbbc888f49588f92d) Importer(815301076,1909f56bfc062723c751e8b465ee728b)
Start importing Assets/PreFabs/Mara.prefab using Guid(e69ef96f82519bedbbc888f49588f92d) Importer(815301076,1909f56bfc062723c751e8b465ee728b)  -> (artifact id: 'a812322bc4d71553628c6c37b2487eb0') in 0.017165 seconds
  Import took 0.021436 seconds .

========================================================================
Received Import Request.
  Time since last request: 4.066626 seconds.
  path: Assets/PreFabs/Mara.prefab
  artifactKey: Guid(e69ef96f82519bedbbc888f49588f92d) Importer(815301076,1909f56bfc062723c751e8b465ee728b)
Start importing Assets/PreFabs/Mara.prefab using Guid(e69ef96f82519bedbbc888f49588f92d) Importer(815301076,1909f56bfc062723c751e8b465ee728b)  -> (artifact id: 'baca5b88618e1ed2f9aeedff22440bb1') in 0.019023 seconds
  Import took 0.023399 seconds .

========================================================================
Received Import Request.
  Time since last request: 3.257487 seconds.
  path: Assets/PreFabs/Mara.prefab
  artifactKey: Guid(e69ef96f82519bedbbc888f49588f92d) Importer(815301076,1909f56bfc062723c751e8b465ee728b)
Start importing Assets/PreFabs/Mara.prefab using Guid(e69ef96f82519bedbbc888f49588f92d) Importer(815301076,1909f56bfc062723c751e8b465ee728b)  -> (artifact id: '1060b94ec30374eb712da32a17820325') in 0.018870 seconds
  Import took 0.023810 seconds .

========================================================================
Received Import Request.
  Time since last request: 4.090410 seconds.
  path: Assets/PreFabs/Mara.prefab
  artifactKey: Guid(e69ef96f82519bedbbc888f49588f92d) Importer(815301076,1909f56bfc062723c751e8b465ee728b)
Start importing Assets/PreFabs/Mara.prefab using Guid(e69ef96f82519bedbbc888f49588f92d) Importer(815301076,1909f56bfc062723c751e8b465ee728b)  -> (artifact id: '6a3d3567fbccfe45a75a1f96baeb34aa') in 0.021084 seconds
  Import took 0.025382 seconds .

========================================================================
Received Import Request.
  Time since last request: 2.427730 seconds.
  path: Assets/PreFabs/Mara.prefab
  artifactKey: Guid(e69ef96f82519bedbbc888f49588f92d) Importer(815301076,1909f56bfc062723c751e8b465ee728b)
Start importing Assets/PreFabs/Mara.prefab using Guid(e69ef96f82519bedbbc888f49588f92d) Importer(815301076,1909f56bfc062723c751e8b465ee728b)  -> (artifact id: '970688c8b1bc804bed5969db7b8ab888') in 0.018084 seconds
  Import took 0.022549 seconds .

========================================================================
Received Import Request.
  Time since last request: 2.234327 seconds.
  path: Assets/PreFabs/Mara.prefab
  artifactKey: Guid(e69ef96f82519bedbbc888f49588f92d) Importer(815301076,1909f56bfc062723c751e8b465ee728b)
Start importing Assets/PreFabs/Mara.prefab using Guid(e69ef96f82519bedbbc888f49588f92d) Importer(815301076,1909f56bfc062723c751e8b465ee728b)  -> (artifact id: '884a7ccc309475c1bf97cb012f73da84') in 0.019589 seconds
  Import took 0.023883 seconds .

========================================================================
Received Import Request.
  Time since last request: 5.555050 seconds.
  path: Assets/PreFabs/Mara.prefab
  artifactKey: Guid(e69ef96f82519bedbbc888f49588f92d) Importer(815301076,1909f56bfc062723c751e8b465ee728b)
Start importing Assets/PreFabs/Mara.prefab using Guid(e69ef96f82519bedbbc888f49588f92d) Importer(815301076,1909f56bfc062723c751e8b465ee728b)  -> (artifact id: 'ed8ae7649e75de69e90bbe61da9e96cb') in 0.018028 seconds
  Import took 0.022577 seconds .

========================================================================
Received Import Request.
  Time since last request: 2.917071 seconds.
  path: Assets/PreFabs/Mara.prefab
  artifactKey: Guid(e69ef96f82519bedbbc888f49588f92d) Importer(815301076,1909f56bfc062723c751e8b465ee728b)
Start importing Assets/PreFabs/Mara.prefab using Guid(e69ef96f82519bedbbc888f49588f92d) Importer(815301076,1909f56bfc062723c751e8b465ee728b)  -> (artifact id: 'b890e899f349db0bbd224ce168d2dbc4') in 0.018653 seconds
  Import took 0.023190 seconds .

========================================================================
Received Import Request.
  Time since last request: 4.732525 seconds.
  path: Assets/PreFabs/Mara.prefab
  artifactKey: Guid(e69ef96f82519bedbbc888f49588f92d) Importer(815301076,1909f56bfc062723c751e8b465ee728b)
Start importing Assets/PreFabs/Mara.prefab using Guid(e69ef96f82519bedbbc888f49588f92d) Importer(815301076,1909f56bfc062723c751e8b465ee728b)  -> (artifact id: '25f318351a855b193485a24dd7274b07') in 0.019879 seconds
  Import took 0.025099 seconds .

========================================================================
Received Import Request.
  Time since last request: 2.673676 seconds.
  path: Assets/PreFabs/Mara.prefab
  artifactKey: Guid(e69ef96f82519bedbbc888f49588f92d) Importer(815301076,1909f56bfc062723c751e8b465ee728b)
Start importing Assets/PreFabs/Mara.prefab using Guid(e69ef96f82519bedbbc888f49588f92d) Importer(815301076,1909f56bfc062723c751e8b465ee728b)  -> (artifact id: 'd9403523df1a36ecf2b50386f0053a92') in 0.020104 seconds
  Import took 0.024449 seconds .

========================================================================
Received Import Request.
  Time since last request: 3.138396 seconds.
  path: Assets/PreFabs/Mara.prefab
  artifactKey: Guid(e69ef96f82519bedbbc888f49588f92d) Importer(815301076,1909f56bfc062723c751e8b465ee728b)
Start importing Assets/PreFabs/Mara.prefab using Guid(e69ef96f82519bedbbc888f49588f92d) Importer(815301076,1909f56bfc062723c751e8b465ee728b)  -> (artifact id: '40018cd3a819fbf9ca515d67573dcb3f') in 0.019513 seconds
  Import took 0.024141 seconds .

========================================================================
Received Prepare
Registering precompiled user dll's ...
Registered in 0.000647 seconds.
Begin MonoManager ReloadAssembly
Native extension for LinuxStandalone target not found
Native extension for WindowsStandalone target not found
Native extension for OSXStandalone target not found
Native extension for WebGL target not found
Refreshing native plugins compatible for Editor in 0.44 ms, found 1 plugins.
Preloading 0 native plugins for Editor in 0.00 ms.
Mono: successfully reloaded assembly
- Completed reload, in  0.837 seconds
Platform modules already initialized, skipping
Refreshing native plugins compatible for Editor in 0.37 ms, found 1 plugins.
Preloading 0 native plugins for Editor in 0.00 ms.
Unloading 1958 Unused Serialized files (Serialized files now loaded: 0)
System memory in use before: 86.0 MB.
System memory in use after: 86.0 MB.

Unloading 13 unused Assets to reduce memory usage. Loaded Objects now: 2452.
Total: 2.804736 ms (FindLiveObjects: 0.230670 ms CreateObjectMapping: 0.077940 ms MarkObjects: 2.385718 ms  DeleteObjects: 0.109352 ms)

========================================================================
Received Prepare
Registering precompiled user dll's ...
Registered in 0.000816 seconds.
Begin MonoManager ReloadAssembly
Native extension for LinuxStandalone target not found
Native extension for WindowsStandalone target not found
Native extension for OSXStandalone target not found
Native extension for WebGL target not found
Refreshing native plugins compatible for Editor in 0.41 ms, found 1 plugins.
Preloading 0 native plugins for Editor in 0.00 ms.
Mono: successfully reloaded assembly
- Completed reload, in  0.900 seconds
Platform modules already initialized, skipping
Refreshing native plugins compatible for Editor in 0.38 ms, found 1 plugins.
Preloading 0 native plugins for Editor in 0.00 ms.
Unloading 1958 Unused Serialized files (Serialized files now loaded: 0)
System memory in use before: 86.0 MB.
System memory in use after: 86.0 MB.

Unloading 13 unused Assets to reduce memory usage. Loaded Objects now: 2456.
Total: 4.038891 ms (FindLiveObjects: 0.425827 ms CreateObjectMapping: 0.160717 ms MarkObjects: 3.309351 ms  DeleteObjects: 0.139923 ms)

========================================================================
Received Import Request.
  Time since last request: 94.397802 seconds.
  path: Assets/PreFabs/Mara.prefab
  artifactKey: Guid(e69ef96f82519bedbbc888f49588f92d) Importer(815301076,1909f56bfc062723c751e8b465ee728b)
Start importing Assets/PreFabs/Mara.prefab using Guid(e69ef96f82519bedbbc888f49588f92d) Importer(815301076,1909f56bfc062723c751e8b465ee728b)  -> (artifact id: '509acb5c9d6fe310d9e99a2d5c0e05c5') in 0.073892 seconds
  Import took 0.078337 seconds .

========================================================================
Received Import Request.
  Time since last request: 2.596257 seconds.
  path: Assets/PreFabs/Mara.prefab
  artifactKey: Guid(e69ef96f82519bedbbc888f49588f92d) Importer(815301076,1909f56bfc062723c751e8b465ee728b)
Start importing Assets/PreFabs/Mara.prefab using Guid(e69ef96f82519bedbbc888f49588f92d) Importer(815301076,1909f56bfc062723c751e8b465ee728b)  -> (artifact id: '88fea6bd8837734d9d0994a35bbbb8a4') in 0.019938 seconds
  Import took 0.024725 seconds .

========================================================================
Received Import Request.
  Time since last request: 2.209978 seconds.
  path: Assets/PreFabs/Mara.prefab
  artifactKey: Guid(e69ef96f82519bedbbc888f49588f92d) Importer(815301076,1909f56bfc062723c751e8b465ee728b)
Start importing Assets/PreFabs/Mara.prefab using Guid(e69ef96f82519bedbbc888f49588f92d) Importer(815301076,1909f56bfc062723c751e8b465ee728b)  -> (artifact id: '5bb2e983e1ad1e5718fd0906df56acac') in 0.020261 seconds
  Import took 0.025642 seconds .

========================================================================
Received Prepare
Registering precompiled user dll's ...
Registered in 0.001285 seconds.
Begin MonoManager ReloadAssembly
Native extension for LinuxStandalone target not found
Native extension for WindowsStandalone target not found
Native extension for OSXStandalone target not found
Native extension for WebGL target not found
Refreshing native plugins compatible for Editor in 0.66 ms, found 1 plugins.
Preloading 0 native plugins for Editor in 0.00 ms.
Mono: successfully reloaded assembly
- Completed reload, in  1.680 seconds
Platform modules already initialized, skipping
Refreshing native plugins compatible for Editor in 0.72 ms, found 1 plugins.
Preloading 0 native plugins for Editor in 0.00 ms.
Unloading 1958 Unused Serialized files (Serialized files now loaded: 0)
System memory in use before: 86.0 MB.
System memory in use after: 86.0 MB.

Unloading 13 unused Assets to reduce memory usage. Loaded Objects now: 2461.
Total: 6.474259 ms (FindLiveObjects: 0.484090 ms CreateObjectMapping: 0.231734 ms MarkObjects: 5.586628 ms  DeleteObjects: 0.167558 ms)

========================================================================
Received Import Request.
  Time since last request: 80.897103 seconds.
  path: Assets/Animations/Mara
  artifactKey: Guid(e441c98367cfaca2fa07e2eb2c56c91b) Importer(815301076,1909f56bfc062723c751e8b465ee728b)
Start importing Assets/Animations/Mara using Guid(e441c98367cfaca2fa07e2eb2c56c91b) Importer(815301076,1909f56bfc062723c751e8b465ee728b)  -> (artifact id: 'cfd2ba3419d95d3460665d5aa24a95ba') in 0.003973 seconds
  Import took 0.007878 seconds .

========================================================================
Received Prepare
Registering precompiled user dll's ...
Registered in 0.001304 seconds.
Begin MonoManager ReloadAssembly
Native extension for LinuxStandalone target not found
Native extension for WindowsStandalone target not found
Native extension for OSXStandalone target not found
Native extension for WebGL target not found
Refreshing native plugins compatible for Editor in 0.45 ms, found 1 plugins.
Preloading 0 native plugins for Editor in 0.00 ms.
Mono: successfully reloaded assembly
- Completed reload, in  0.918 seconds
Platform modules already initialized, skipping
Refreshing native plugins compatible for Editor in 0.84 ms, found 1 plugins.
Preloading 0 native plugins for Editor in 0.00 ms.
Unloading 1958 Unused Serialized files (Serialized files now loaded: 0)
System memory in use before: 86.0 MB.
System memory in use after: 86.0 MB.

Unloading 13 unused Assets to reduce memory usage. Loaded Objects now: 2465.
Total: 3.077476 ms (FindLiveObjects: 0.272997 ms CreateObjectMapping: 0.071298 ms MarkObjects: 2.613681 ms  DeleteObjects: 0.117997 ms)

========================================================================
Received Import Request.
  Time since last request: 173.500236 seconds.
  path: Assets/PreFabs/Mara.prefab
  artifactKey: Guid(e69ef96f82519bedbbc888f49588f92d) Importer(815301076,1909f56bfc062723c751e8b465ee728b)
Start importing Assets/PreFabs/Mara.prefab using Guid(e69ef96f82519bedbbc888f49588f92d) Importer(815301076,1909f56bfc062723c751e8b465ee728b)  -> (artifact id: '6c820dfb4d2f737ab695c5d17ec06d65') in 0.077939 seconds
  Import took 0.084542 seconds .

========================================================================
Received Prepare
Registering precompiled user dll's ...
Registered in 0.000730 seconds.
Begin MonoManager ReloadAssembly
Native extension for LinuxStandalone target not found
Native extension for WindowsStandalone target not found
Native extension for OSXStandalone target not found
Native extension for WebGL target not found
Refreshing native plugins compatible for Editor in 0.45 ms, found 1 plugins.
Preloading 0 native plugins for Editor in 0.00 ms.
Mono: successfully reloaded assembly
- Completed reload, in  0.926 seconds
Platform modules already initialized, skipping
Refreshing native plugins compatible for Editor in 0.55 ms, found 1 plugins.
Preloading 0 native plugins for Editor in 0.00 ms.
Unloading 1958 Unused Serialized files (Serialized files now loaded: 0)
System memory in use before: 86.1 MB.
System memory in use after: 86.1 MB.

Unloading 13 unused Assets to reduce memory usage. Loaded Objects now: 2470.
Total: 2.863476 ms (FindLiveObjects: 0.219838 ms CreateObjectMapping: 0.074959 ms MarkObjects: 2.440546 ms  DeleteObjects: 0.126774 ms)

========================================================================
Received Prepare
Registering precompiled user dll's ...
Registered in 0.000698 seconds.
Begin MonoManager ReloadAssembly
Native extension for LinuxStandalone target not found
Native extension for WindowsStandalone target not found
Native extension for OSXStandalone target not found
Native extension for WebGL target not found
Refreshing native plugins compatible for Editor in 0.43 ms, found 1 plugins.
Preloading 0 native plugins for Editor in 0.00 ms.
Mono: successfully reloaded assembly
- Completed reload, in  0.827 seconds
Platform modules already initialized, skipping
Refreshing native plugins compatible for Editor in 0.47 ms, found 1 plugins.
Preloading 0 native plugins for Editor in 0.00 ms.
Unloading 1958 Unused Serialized files (Serialized files now loaded: 0)
System memory in use before: 86.1 MB.
System memory in use after: 86.1 MB.

Unloading 13 unused Assets to reduce memory usage. Loaded Objects now: 2474.
Total: 3.230010 ms (FindLiveObjects: 0.268953 ms CreateObjectMapping: 0.110530 ms MarkObjects: 2.703749 ms  DeleteObjects: 0.145128 ms)

========================================================================
Received Prepare
Registering precompiled user dll's ...
Registered in 0.001009 seconds.
Begin MonoManager ReloadAssembly
Native extension for LinuxStandalone target not found
Native extension for WindowsStandalone target not found
Native extension for OSXStandalone target not found
Native extension for WebGL target not found
Refreshing native plugins compatible for Editor in 0.44 ms, found 1 plugins.
Preloading 0 native plugins for Editor in 0.00 ms.
Mono: successfully reloaded assembly
- Completed reload, in  0.836 seconds
Platform modules already initialized, skipping
Refreshing native plugins compatible for Editor in 0.45 ms, found 1 plugins.
Preloading 0 native plugins for Editor in 0.00 ms.
Unloading 1958 Unused Serialized files (Serialized files now loaded: 0)
System memory in use before: 86.1 MB.
System memory in use after: 86.1 MB.

Unloading 13 unused Assets to reduce memory usage. Loaded Objects now: 2478.
Total: 2.906215 ms (FindLiveObjects: 0.254318 ms CreateObjectMapping: 0.096983 ms MarkObjects: 2.432818 ms  DeleteObjects: 0.120438 ms)

========================================================================
Received Prepare
Registering precompiled user dll's ...
Registered in 0.000708 seconds.
Begin MonoManager ReloadAssembly
Native extension for LinuxStandalone target not found
Native extension for WindowsStandalone target not found
Native extension for OSXStandalone target not found
Native extension for WebGL target not found
Refreshing native plugins compatible for Editor in 0.43 ms, found 1 plugins.
Preloading 0 native plugins for Editor in 0.00 ms.
Mono: successfully reloaded assembly
- Completed reload, in  0.836 seconds
Platform modules already initialized, skipping
Refreshing native plugins compatible for Editor in 0.40 ms, found 1 plugins.
Preloading 0 native plugins for Editor in 0.00 ms.
Unloading 1958 Unused Serialized files (Serialized files now loaded: 0)
System memory in use before: 86.1 MB.
System memory in use after: 86.1 MB.

Unloading 13 unused Assets to reduce memory usage. Loaded Objects now: 2482.
Total: 3.121461 ms (FindLiveObjects: 0.292365 ms CreateObjectMapping: 0.063010 ms MarkObjects: 2.634274 ms  DeleteObjects: 0.130693 ms)

AssetImportWorkerClient::OnTransportError - code=2 error=End of file
